<?xml version="1.0" encoding="UTF-8"?>
<coverage generated="1765798896320" clover="3.2.0">
  <project timestamp="1765798896320" name="All files">
    <metrics statements="240" coveredstatements="199" conditionals="166" coveredconditionals="145" methods="47" coveredmethods="41" elements="453" coveredelements="385" complexity="0" loc="240" ncloc="240" packages="2" files="8" classes="8"/>
    <package name="backend">
      <metrics statements="16" coveredstatements="16" conditionals="4" coveredconditionals="4" methods="2" coveredmethods="2"/>
      <file name="apu.js" path="C:\kurssit\ohtu\OhtuMiniprojektiRyhm-10\viite-luoja\backend\apu.js">
        <metrics statements="16" coveredstatements="16" conditionals="4" coveredconditionals="4" methods="2" coveredmethods="2"/>
        <line num="5" count="1" type="stmt"/>
        <line num="8" count="3" type="stmt"/>
        <line num="9" count="3" type="stmt"/>
        <line num="10" count="2" type="stmt"/>
        <line num="12" count="2" type="cond" truecount="2" falsecount="0"/>
        <line num="13" count="1" type="stmt"/>
        <line num="16" count="1" type="stmt"/>
        <line num="19" count="1" type="stmt"/>
        <line num="27" count="3" type="stmt"/>
        <line num="28" count="3" type="stmt"/>
        <line num="29" count="2" type="stmt"/>
        <line num="31" count="2" type="stmt"/>
        <line num="33" count="2" type="cond" truecount="2" falsecount="0"/>
        <line num="35" count="1" type="stmt"/>
        <line num="38" count="1" type="stmt"/>
        <line num="41" count="1" type="stmt"/>
      </file>
    </package>
    <package name="src.funkkarit">
      <metrics statements="224" coveredstatements="183" conditionals="162" coveredconditionals="141" methods="45" coveredmethods="39"/>
      <file name="checkRequired.js" path="C:\kurssit\ohtu\OhtuMiniprojektiRyhm-10\viite-luoja\src\funkkarit\checkRequired.js">
        <metrics statements="7" coveredstatements="7" conditionals="6" coveredconditionals="6" methods="1" coveredmethods="1"/>
        <line num="8" count="5" type="stmt"/>
        <line num="9" count="5" type="cond" truecount="2" falsecount="0"/>
        <line num="12" count="3" type="stmt"/>
        <line num="15" count="3" type="stmt"/>
        <line num="18" count="6" type="cond" truecount="4" falsecount="0"/>
        <line num="19" count="2" type="stmt"/>
        <line num="23" count="1" type="stmt"/>
      </file>
      <file name="citekey.js" path="C:\kurssit\ohtu\OhtuMiniprojektiRyhm-10\viite-luoja\src\funkkarit\citekey.js">
        <metrics statements="30" coveredstatements="24" conditionals="10" coveredconditionals="9" methods="9" coveredmethods="9"/>
        <line num="4" count="8" type="stmt"/>
        <line num="7" count="8" type="cond" truecount="2" falsecount="0"/>
        <line num="8" count="7" type="stmt"/>
        <line num="10" count="1" type="stmt"/>
        <line num="13" count="8" type="stmt"/>
        <line num="18" count="8" type="cond" truecount="2" falsecount="0"/>
        <line num="19" count="5" type="stmt"/>
        <line num="20" count="3" type="stmt"/>
        <line num="22" count="8" type="stmt"/>
        <line num="23" count="8" type="stmt"/>
        <line num="28" count="11" type="stmt"/>
        <line num="31" count="7" type="cond" truecount="2" falsecount="0"/>
        <line num="32" count="5" type="stmt"/>
        <line num="36" count="2" type="stmt"/>
        <line num="37" count="6" type="stmt"/>
        <line num="45" count="11" type="cond" truecount="2" falsecount="0"/>
        <line num="46" count="4" type="stmt"/>
        <line num="48" count="7" type="stmt"/>
        <line num="49" count="7" type="stmt"/>
        <line num="54" count="1" type="stmt"/>
        <line num="56" count="3" type="stmt"/>
        <line num="59" count="1" type="stmt"/>
        <line num="63" count="2" type="stmt"/>
        <line num="65" count="2" type="cond" truecount="1" falsecount="1"/>
        <line num="67" count="0" type="stmt"/>
        <line num="68" count="0" type="stmt"/>
        <line num="70" count="0" type="stmt"/>
        <line num="71" count="0" type="stmt"/>
        <line num="72" count="0" type="stmt"/>
        <line num="74" count="0" type="stmt"/>
      </file>
      <file name="doihaku.js" path="C:\kurssit\ohtu\OhtuMiniprojektiRyhm-10\viite-luoja\src\funkkarit\doihaku.js">
        <metrics statements="91" coveredstatements="83" conditionals="85" coveredconditionals="83" methods="21" coveredmethods="20"/>
        <line num="14" count="5" type="cond" truecount="4" falsecount="0"/>
        <line num="15" count="2" type="stmt"/>
        <line num="21" count="3" type="stmt"/>
        <line num="22" count="3" type="stmt"/>
        <line num="24" count="3" type="cond" truecount="1" falsecount="1"/>
        <line num="25" count="3" type="stmt"/>
        <line num="28" count="0" type="stmt"/>
        <line num="30" count="0" type="stmt"/>
        <line num="32" count="0" type="stmt"/>
        <line num="35" count="0" type="stmt"/>
        <line num="36" count="0" type="stmt"/>
        <line num="40" count="0" type="stmt"/>
        <line num="45" count="0" type="stmt"/>
        <line num="54" count="6" type="cond" truecount="4" falsecount="0"/>
        <line num="55" count="1" type="stmt"/>
        <line num="58" count="5" type="stmt"/>
        <line num="62" count="5" type="cond" truecount="2" falsecount="0"/>
        <line num="63" count="1" type="stmt"/>
        <line num="65" count="4" type="cond" truecount="2" falsecount="0"/>
        <line num="66" count="1" type="stmt"/>
        <line num="68" count="3" type="cond" truecount="2" falsecount="0"/>
        <line num="69" count="1" type="stmt"/>
        <line num="72" count="2" type="stmt"/>
        <line num="74" count="2" type="stmt"/>
        <line num="89" count="4" type="stmt"/>
        <line num="91" count="4" type="stmt"/>
        <line num="94" count="4" type="stmt"/>
        <line num="95" count="4" type="stmt"/>
        <line num="98" count="4" type="stmt"/>
        <line num="101" count="4" type="stmt"/>
        <line num="102" count="4" type="stmt"/>
        <line num="109" count="3" type="stmt"/>
        <line num="110" count="3" type="stmt"/>
        <line num="111" count="3" type="stmt"/>
        <line num="113" count="3" type="stmt"/>
        <line num="120" count="4" type="stmt"/>
        <line num="122" count="4" type="stmt"/>
        <line num="124" count="91" type="cond" truecount="3" falsecount="0"/>
        <line num="127" count="40" type="stmt"/>
        <line num="131" count="32" type="stmt"/>
        <line num="132" count="32" type="cond" truecount="2" falsecount="0"/>
        <line num="133" count="8" type="stmt"/>
        <line num="136" count="32" type="stmt"/>
        <line num="139" count="19" type="cond" truecount="2" falsecount="0"/>
        <line num="140" count="4" type="stmt"/>
        <line num="142" count="18" type="stmt"/>
        <line num="147" count="3" type="stmt"/>
        <line num="149" count="3" type="cond" truecount="2" falsecount="0"/>
        <line num="150" count="1" type="stmt"/>
        <line num="153" count="3" type="cond" truecount="2" falsecount="0"/>
        <line num="154" count="2" type="stmt"/>
        <line num="157" count="1" type="stmt"/>
        <line num="161" count="1" type="stmt"/>
        <line num="169" count="8" type="cond" truecount="2" falsecount="0"/>
        <line num="170" count="1" type="stmt"/>
        <line num="173" count="7" type="cond" truecount="2" falsecount="0"/>
        <line num="174" count="7" type="cond" truecount="2" falsecount="0"/>
        <line num="175" count="7" type="cond" truecount="2" falsecount="0"/>
        <line num="176" count="7" type="cond" truecount="2" falsecount="0"/>
        <line num="178" count="7" type="cond" truecount="4" falsecount="0"/>
        <line num="179" count="2" type="stmt"/>
        <line num="181" count="5" type="cond" truecount="4" falsecount="0"/>
        <line num="182" count="1" type="stmt"/>
        <line num="184" count="4" type="cond" truecount="2" falsecount="0"/>
        <line num="186" count="1" type="stmt"/>
        <line num="189" count="3" type="stmt"/>
        <line num="201" count="7" type="cond" truecount="5" falsecount="0"/>
        <line num="204" count="4" type="stmt"/>
        <line num="207" count="3" type="stmt"/>
        <line num="240" count="3" type="stmt"/>
        <line num="242" count="3" type="cond" truecount="2" falsecount="0"/>
        <line num="243" count="2" type="stmt"/>
        <line num="246" count="1" type="stmt"/>
        <line num="258" count="13" type="cond" truecount="6" falsecount="0"/>
        <line num="262" count="9" type="stmt"/>
        <line num="266" count="4" type="stmt"/>
        <line num="267" count="8" type="cond" truecount="2" falsecount="0"/>
        <line num="268" count="4" type="stmt"/>
        <line num="271" count="4" type="stmt"/>
        <line num="275" count="4" type="cond" truecount="2" falsecount="1"/>
        <line num="277" count="0" type="stmt"/>
        <line num="279" count="1" type="stmt"/>
        <line num="281" count="3" type="stmt"/>
        <line num="292" count="19" type="cond" truecount="7" falsecount="0"/>
        <line num="297" count="12" type="stmt"/>
        <line num="300" count="7" type="cond" truecount="4" falsecount="0"/>
        <line num="301" count="2" type="stmt"/>
        <line num="304" count="5" type="stmt"/>
        <line num="317" count="14" type="cond" truecount="9" falsecount="0"/>
        <line num="324" count="9" type="stmt"/>
        <line num="327" count="12" type="stmt"/>
      </file>
      <file name="fields.js" path="C:\kurssit\ohtu\OhtuMiniprojektiRyhm-10\viite-luoja\src\funkkarit\fields.js">
        <metrics statements="7" coveredstatements="5" conditionals="5" coveredconditionals="4" methods="2" coveredmethods="2"/>
        <line num="8" count="2" type="stmt"/>
        <line num="9" count="2" type="cond" truecount="2" falsecount="0"/>
        <line num="12" count="5" type="stmt"/>
        <line num="14" count="1" type="cond" truecount="1" falsecount="1"/>
        <line num="15" count="0" type="stmt"/>
        <line num="16" count="0" type="stmt"/>
        <line num="18" count="1" type="stmt"/>
      </file>
      <file name="jsonToBibtexApu.js" path="C:\kurssit\ohtu\OhtuMiniprojektiRyhm-10\viite-luoja\src\funkkarit\jsonToBibtexApu.js">
        <metrics statements="33" coveredstatements="32" conditionals="25" coveredconditionals="24" methods="4" coveredmethods="4"/>
        <line num="40" count="9" type="stmt"/>
        <line num="41" count="9" type="stmt"/>
        <line num="42" count="9" type="stmt"/>
        <line num="44" count="9" type="cond" truecount="5" falsecount="0"/>
        <line num="45" count="2" type="stmt"/>
        <line num="46" count="2" type="stmt"/>
        <line num="50" count="7" type="cond" truecount="2" falsecount="0"/>
        <line num="51" count="6" type="stmt"/>
        <line num="54" count="7" type="cond" truecount="2" falsecount="0"/>
        <line num="55" count="6" type="stmt"/>
        <line num="58" count="7" type="cond" truecount="2" falsecount="0"/>
        <line num="59" count="2" type="stmt"/>
        <line num="60" count="2" type="stmt"/>
        <line num="63" count="5" type="cond" truecount="2" falsecount="0"/>
        <line num="64" count="2" type="stmt"/>
        <line num="65" count="2" type="stmt"/>
        <line num="69" count="3" type="stmt"/>
        <line num="71" count="10" type="stmt"/>
        <line num="73" count="10" type="cond" truecount="3" falsecount="1"/>
        <line num="76" count="3" type="stmt"/>
        <line num="79" count="3" type="stmt"/>
        <line num="83" count="0" type="stmt"/>
        <line num="86" count="4" type="cond" truecount="2" falsecount="0"/>
        <line num="87" count="3" type="stmt"/>
        <line num="97" count="3" type="cond" truecount="2" falsecount="0"/>
        <line num="98" count="1" type="stmt"/>
        <line num="99" count="1" type="stmt"/>
        <line num="102" count="2" type="stmt"/>
        <line num="113" count="5" type="stmt"/>
        <line num="114" count="5" type="stmt"/>
        <line num="121" count="4" type="stmt"/>
        <line num="122" count="4" type="cond" truecount="2" falsecount="0"/>
        <line num="128" count="7" type="cond" truecount="2" falsecount="0"/>
      </file>
      <file name="muokkaus.js" path="C:\kurssit\ohtu\OhtuMiniprojektiRyhm-10\viite-luoja\src\funkkarit\muokkaus.js">
        <metrics statements="45" coveredstatements="27" conditionals="26" coveredconditionals="14" methods="5" coveredmethods="1"/>
        <line num="7" count="3" type="cond" truecount="1" falsecount="1"/>
        <line num="8" count="0" type="stmt"/>
        <line num="10" count="3" type="stmt"/>
        <line num="15" count="3" type="cond" truecount="4" falsecount="0"/>
        <line num="16" count="1" type="stmt"/>
        <line num="17" count="1" type="stmt"/>
        <line num="18" count="1" type="stmt"/>
        <line num="19" count="1" type="stmt"/>
        <line num="20" count="1" type="stmt"/>
        <line num="21" count="1" type="cond" truecount="1" falsecount="1"/>
        <line num="22" count="1" type="stmt"/>
        <line num="23" count="1" type="stmt"/>
        <line num="24" count="1" type="stmt"/>
        <line num="25" count="1" type="stmt"/>
        <line num="31" count="1" type="cond" truecount="2" falsecount="2"/>
        <line num="32" count="0" type="stmt"/>
        <line num="33" count="0" type="stmt"/>
        <line num="35" count="1" type="stmt"/>
        <line num="36" count="1" type="cond" truecount="1" falsecount="1"/>
        <line num="37" count="1" type="stmt"/>
        <line num="38" count="1" type="stmt"/>
        <line num="39" count="1" type="stmt"/>
        <line num="45" count="2" type="cond" truecount="2" falsecount="2"/>
        <line num="46" count="0" type="stmt"/>
        <line num="49" count="2" type="stmt"/>
        <line num="50" count="2" type="stmt"/>
        <line num="55" count="2" type="cond" truecount="2" falsecount="0"/>
        <line num="56" count="1" type="stmt"/>
        <line num="58" count="2" type="stmt"/>
        <line num="62" count="3" type="cond" truecount="1" falsecount="1"/>
        <line num="63" count="0" type="stmt"/>
        <line num="66" count="3" type="stmt"/>
        <line num="70" count="0" type="stmt"/>
        <line num="71" count="0" type="stmt"/>
        <line num="79" count="0" type="cond" truecount="0" falsecount="2"/>
        <line num="80" count="0" type="stmt"/>
        <line num="82" count="0" type="stmt"/>
        <line num="87" count="0" type="stmt"/>
        <line num="91" count="0" type="stmt"/>
        <line num="93" count="0" type="stmt"/>
        <line num="94" count="0" type="stmt"/>
        <line num="98" count="0" type="stmt"/>
        <line num="99" count="0" type="stmt"/>
        <line num="101" count="0" type="stmt"/>
        <line num="102" count="0" type="stmt"/>
      </file>
      <file name="poisto.js" path="C:\kurssit\ohtu\OhtuMiniprojektiRyhm-10\viite-luoja\src\funkkarit\poisto.js">
        <metrics statements="11" coveredstatements="5" conditionals="5" coveredconditionals="1" methods="3" coveredmethods="2"/>
        <line num="2" count="3" type="stmt"/>
        <line num="3" count="6" type="stmt"/>
        <line num="4" count="3" type="stmt"/>
        <line num="7" count="3" type="cond" truecount="1" falsecount="1"/>
        <line num="8" count="0" type="stmt"/>
        <line num="10" count="3" type="stmt"/>
        <line num="14" count="0" type="stmt"/>
        <line num="15" count="0" type="stmt"/>
        <line num="23" count="0" type="cond" truecount="0" falsecount="2"/>
        <line num="24" count="0" type="stmt"/>
        <line num="26" count="0" type="stmt"/>
      </file>
    </package>
  </project>
</coverage>
