{"C:\\kurssit\\ohtu\\OhtuMiniprojektiRyhm-10\\viite-luoja\\backend\\apu.js": {"path":"C:\\kurssit\\ohtu\\OhtuMiniprojektiRyhm-10\\viite-luoja\\backend\\apu.js","statementMap":{"0":{"start":{"line":5,"column":38},"end":{"line":5,"column":99}},"1":{"start":{"line":8,"column":4},"end":{"line":20,"column":3}},"2":{"start":{"line":9,"column":19},"end":{"line":9,"column":75}},"3":{"start":{"line":10,"column":21},"end":{"line":10,"column":37}},"4":{"start":{"line":12,"column":6},"end":{"line":17,"column":7}},"5":{"start":{"line":13,"column":9},"end":{"line":13,"column":38}},"6":{"start":{"line":16,"column":8},"end":{"line":16,"column":20}},"7":{"start":{"line":19,"column":4},"end":{"line":19,"column":16}},"8":{"start":{"line":27,"column":4},"end":{"line":42,"column":5}},"9":{"start":{"line":28,"column":19},"end":{"line":28,"column":75}},"10":{"start":{"line":29,"column":21},"end":{"line":29,"column":37}},"11":{"start":{"line":31,"column":24},"end":{"line":31,"column":45}},"12":{"start":{"line":33,"column":6},"end":{"line":39,"column":7}},"13":{"start":{"line":35,"column":10},"end":{"line":35,"column":31}},"14":{"start":{"line":38,"column":10},"end":{"line":38,"column":22}},"15":{"start":{"line":41,"column":8},"end":{"line":41,"column":20}}},"fnMap":{"0":{"name":"haeTiettyTyyppi","decl":{"start":{"line":7,"column":22},"end":{"line":7,"column":37}},"loc":{"start":{"line":7,"column":51},"end":{"line":21,"column":1}},"line":7},"1":{"name":"haeKaikkiTyypit","decl":{"start":{"line":24,"column":22},"end":{"line":24,"column":37}},"loc":{"start":{"line":24,"column":40},"end":{"line":44,"column":1}},"line":24}},"branchMap":{"0":{"loc":{"start":{"line":12,"column":6},"end":{"line":17,"column":7}},"type":"if","locations":[{"start":{"line":12,"column":6},"end":{"line":17,"column":7}},{"start":{"line":15,"column":11},"end":{"line":17,"column":7}}],"line":12},"1":{"loc":{"start":{"line":33,"column":6},"end":{"line":39,"column":7}},"type":"if","locations":[{"start":{"line":33,"column":6},"end":{"line":39,"column":7}},{"start":{"line":36,"column":13},"end":{"line":39,"column":7}}],"line":33}},"s":{"0":1,"1":0,"2":0,"3":0,"4":0,"5":0,"6":0,"7":0,"8":3,"9":3,"10":2,"11":2,"12":2,"13":1,"14":1,"15":1},"f":{"0":0,"1":3},"b":{"0":[0,0],"1":[1,1]},"inputSourceMap":null,"_coverageSchema":"1a1c01bbd47fc00a2c39e90264f33305004495a9","hash":"129f5cf4be6619d0e413291fdaeff059f3f7d307"}
,"C:\\kurssit\\ohtu\\OhtuMiniprojektiRyhm-10\\viite-luoja\\src\\funkkarit\\fields.js": {"path":"C:\\kurssit\\ohtu\\OhtuMiniprojektiRyhm-10\\viite-luoja\\src\\funkkarit\\fields.js","statementMap":{"0":{"start":{"line":6,"column":2},"end":{"line":29,"column":3}},"1":{"start":{"line":7,"column":14},"end":{"line":7,"column":42}},"2":{"start":{"line":8,"column":19},"end":{"line":12,"column":8}},"3":{"start":{"line":14,"column":6},"end":{"line":16,"column":7}},"4":{"start":{"line":15,"column":8},"end":{"line":15,"column":62}},"5":{"start":{"line":19,"column":19},"end":{"line":19,"column":40}},"6":{"start":{"line":21,"column":6},"end":{"line":24,"column":7}},"7":{"start":{"line":22,"column":8},"end":{"line":22,"column":38}},"8":{"start":{"line":23,"column":8},"end":{"line":23,"column":15}},"9":{"start":{"line":25,"column":6},"end":{"line":25,"column":20}},"10":{"start":{"line":27,"column":6},"end":{"line":27,"column":27}},"11":{"start":{"line":28,"column":6},"end":{"line":28,"column":17}}},"fnMap":{"0":{"name":"getFields","decl":{"start":{"line":5,"column":22},"end":{"line":5,"column":31}},"loc":{"start":{"line":5,"column":65},"end":{"line":31,"column":1}},"line":5}},"branchMap":{"0":{"loc":{"start":{"line":5,"column":45},"end":{"line":5,"column":63}},"type":"default-arg","locations":[{"start":{"line":5,"column":59},"end":{"line":5,"column":63}}],"line":5},"1":{"loc":{"start":{"line":14,"column":6},"end":{"line":16,"column":7}},"type":"if","locations":[{"start":{"line":14,"column":6},"end":{"line":16,"column":7}},{"start":{},"end":{}}],"line":14},"2":{"loc":{"start":{"line":21,"column":6},"end":{"line":24,"column":7}},"type":"if","locations":[{"start":{"line":21,"column":6},"end":{"line":24,"column":7}},{"start":{},"end":{}}],"line":21}},"s":{"0":2,"1":2,"2":2,"3":1,"4":0,"5":1,"6":1,"7":0,"8":0,"9":1,"10":1,"11":1},"f":{"0":2},"b":{"0":[2],"1":[0,1],"2":[0,1]},"inputSourceMap":null,"_coverageSchema":"1a1c01bbd47fc00a2c39e90264f33305004495a9","hash":"b18caf8c34d20392fffafba18643b7a982a42214"}
}
