{"C:\\kurssit\\ohtu\\OhtuMiniprojektiRyhm-10\\viite-luoja\\backend\\apu.js": {"path":"C:\\kurssit\\ohtu\\OhtuMiniprojektiRyhm-10\\viite-luoja\\backend\\apu.js","statementMap":{"0":{"start":{"line":5,"column":38},"end":{"line":5,"column":99}},"1":{"start":{"line":8,"column":4},"end":{"line":20,"column":3}},"2":{"start":{"line":9,"column":19},"end":{"line":9,"column":75}},"3":{"start":{"line":10,"column":21},"end":{"line":10,"column":37}},"4":{"start":{"line":12,"column":6},"end":{"line":17,"column":7}},"5":{"start":{"line":13,"column":9},"end":{"line":13,"column":38}},"6":{"start":{"line":16,"column":8},"end":{"line":16,"column":20}},"7":{"start":{"line":19,"column":4},"end":{"line":19,"column":16}},"8":{"start":{"line":27,"column":4},"end":{"line":42,"column":5}},"9":{"start":{"line":28,"column":19},"end":{"line":28,"column":75}},"10":{"start":{"line":29,"column":21},"end":{"line":29,"column":37}},"11":{"start":{"line":31,"column":24},"end":{"line":31,"column":45}},"12":{"start":{"line":33,"column":6},"end":{"line":39,"column":7}},"13":{"start":{"line":35,"column":10},"end":{"line":35,"column":31}},"14":{"start":{"line":38,"column":10},"end":{"line":38,"column":22}},"15":{"start":{"line":41,"column":8},"end":{"line":41,"column":20}}},"fnMap":{"0":{"name":"haeTiettyTyyppi","decl":{"start":{"line":7,"column":22},"end":{"line":7,"column":37}},"loc":{"start":{"line":7,"column":51},"end":{"line":21,"column":1}},"line":7},"1":{"name":"haeKaikkiTyypit","decl":{"start":{"line":24,"column":22},"end":{"line":24,"column":37}},"loc":{"start":{"line":24,"column":40},"end":{"line":44,"column":1}},"line":24}},"branchMap":{"0":{"loc":{"start":{"line":12,"column":6},"end":{"line":17,"column":7}},"type":"if","locations":[{"start":{"line":12,"column":6},"end":{"line":17,"column":7}},{"start":{"line":15,"column":11},"end":{"line":17,"column":7}}],"line":12},"1":{"loc":{"start":{"line":33,"column":6},"end":{"line":39,"column":7}},"type":"if","locations":[{"start":{"line":33,"column":6},"end":{"line":39,"column":7}},{"start":{"line":36,"column":13},"end":{"line":39,"column":7}}],"line":33}},"s":{"0":1,"1":3,"2":3,"3":2,"4":2,"5":1,"6":1,"7":1,"8":3,"9":3,"10":2,"11":2,"12":2,"13":1,"14":1,"15":1},"f":{"0":3,"1":3},"b":{"0":[1,1],"1":[1,1]},"inputSourceMap":null,"_coverageSchema":"1a1c01bbd47fc00a2c39e90264f33305004495a9","hash":"129f5cf4be6619d0e413291fdaeff059f3f7d307"}
,"C:\\kurssit\\ohtu\\OhtuMiniprojektiRyhm-10\\viite-luoja\\src\\funkkarit\\checkRequired.js": {"path":"C:\\kurssit\\ohtu\\OhtuMiniprojektiRyhm-10\\viite-luoja\\src\\funkkarit\\checkRequired.js","statementMap":{"0":{"start":{"line":8,"column":19},"end":{"line":8,"column":41}},"1":{"start":{"line":9,"column":2},"end":{"line":9,"column":47}},"2":{"start":{"line":9,"column":34},"end":{"line":9,"column":47}},"3":{"start":{"line":12,"column":17},"end":{"line":12,"column":41}},"4":{"start":{"line":15,"column":2},"end":{"line":21,"column":3}},"5":{"start":{"line":15,"column":15},"end":{"line":15,"column":16}},"6":{"start":{"line":18,"column":4},"end":{"line":20,"column":5}},"7":{"start":{"line":19,"column":6},"end":{"line":19,"column":35}},"8":{"start":{"line":23,"column":2},"end":{"line":23,"column":13}}},"fnMap":{"0":{"name":"(anonymous_0)","decl":{"start":{"line":4,"column":15},"end":{"line":4,"column":16}},"loc":{"start":{"line":4,"column":39},"end":{"line":25,"column":1}},"line":4}},"branchMap":{"0":{"loc":{"start":{"line":9,"column":2},"end":{"line":9,"column":47}},"type":"if","locations":[{"start":{"line":9,"column":2},"end":{"line":9,"column":47}},{"start":{},"end":{}}],"line":9},"1":{"loc":{"start":{"line":18,"column":4},"end":{"line":20,"column":5}},"type":"if","locations":[{"start":{"line":18,"column":4},"end":{"line":20,"column":5}},{"start":{},"end":{}}],"line":18},"2":{"loc":{"start":{"line":18,"column":8},"end":{"line":18,"column":53}},"type":"binary-expr","locations":[{"start":{"line":18,"column":8},"end":{"line":18,"column":29}},{"start":{"line":18,"column":33},"end":{"line":18,"column":53}}],"line":18}},"s":{"0":5,"1":5,"2":2,"3":3,"4":3,"5":3,"6":6,"7":2,"8":1},"f":{"0":5},"b":{"0":[2,3],"1":[2,4],"2":[6,5]},"inputSourceMap":null,"_coverageSchema":"1a1c01bbd47fc00a2c39e90264f33305004495a9","hash":"09dcb748597d9b2a25df0c70f872a826156f45b6"}
,"C:\\kurssit\\ohtu\\OhtuMiniprojektiRyhm-10\\viite-luoja\\src\\funkkarit\\citekey.js": {"path":"C:\\kurssit\\ohtu\\OhtuMiniprojektiRyhm-10\\viite-luoja\\src\\funkkarit\\citekey.js","statementMap":{"0":{"start":{"line":4,"column":15},"end":{"line":4,"column":19}},"1":{"start":{"line":7,"column":4},"end":{"line":11,"column":5}},"2":{"start":{"line":8,"column":8},"end":{"line":8,"column":44}},"3":{"start":{"line":10,"column":8},"end":{"line":10,"column":41}},"4":{"start":{"line":13,"column":16},"end":{"line":13,"column":20}},"5":{"start":{"line":18,"column":4},"end":{"line":20,"column":24}},"6":{"start":{"line":19,"column":8},"end":{"line":19,"column":45}},"7":{"start":{"line":20,"column":11},"end":{"line":20,"column":24}},"8":{"start":{"line":22,"column":18},"end":{"line":22,"column":30}},"9":{"start":{"line":23,"column":4},"end":{"line":23,"column":19}},"10":{"start":{"line":28,"column":18},"end":{"line":28,"column":58}},"11":{"start":{"line":28,"column":49},"end":{"line":28,"column":57}},"12":{"start":{"line":31,"column":4},"end":{"line":33,"column":5}},"13":{"start":{"line":32,"column":8},"end":{"line":32,"column":39}},"14":{"start":{"line":36,"column":4},"end":{"line":38,"column":18}},"15":{"start":{"line":37,"column":18},"end":{"line":37,"column":49}},"16":{"start":{"line":45,"column":4},"end":{"line":47,"column":5}},"17":{"start":{"line":46,"column":8},"end":{"line":46,"column":43}},"18":{"start":{"line":48,"column":15},"end":{"line":48,"column":34}},"19":{"start":{"line":49,"column":4},"end":{"line":49,"column":33}},"20":{"start":{"line":54,"column":18},"end":{"line":57,"column":17}},"21":{"start":{"line":56,"column":21},"end":{"line":56,"column":42}},"22":{"start":{"line":59,"column":4},"end":{"line":59,"column":19}},"23":{"start":{"line":63,"column":20},"end":{"line":63,"column":65}},"24":{"start":{"line":63,"column":50},"end":{"line":63,"column":63}},"25":{"start":{"line":65,"column":4},"end":{"line":65,"column":42}},"26":{"start":{"line":65,"column":29},"end":{"line":65,"column":42}},"27":{"start":{"line":67,"column":18},"end":{"line":67,"column":19}},"28":{"start":{"line":68,"column":14},"end":{"line":68,"column":35}},"29":{"start":{"line":70,"column":4},"end":{"line":73,"column":5}},"30":{"start":{"line":71,"column":8},"end":{"line":71,"column":18}},"31":{"start":{"line":72,"column":8},"end":{"line":72,"column":36}},"32":{"start":{"line":74,"column":4},"end":{"line":74,"column":15}}},"fnMap":{"0":{"name":"generateCitekey","decl":{"start":{"line":1,"column":16},"end":{"line":1,"column":31}},"loc":{"start":{"line":1,"column":39},"end":{"line":24,"column":1}},"line":1},"1":{"name":"alkuAuthorista","decl":{"start":{"line":26,"column":9},"end":{"line":26,"column":23}},"loc":{"start":{"line":26,"column":32},"end":{"line":39,"column":1}},"line":26},"2":{"name":"(anonymous_2)","decl":{"start":{"line":28,"column":44},"end":{"line":28,"column":45}},"loc":{"start":{"line":28,"column":49},"end":{"line":28,"column":57}},"line":28},"3":{"name":"(anonymous_3)","decl":{"start":{"line":37,"column":13},"end":{"line":37,"column":14}},"loc":{"start":{"line":37,"column":18},"end":{"line":37,"column":49}},"line":37},"4":{"name":"getLastname","decl":{"start":{"line":44,"column":9},"end":{"line":44,"column":20}},"loc":{"start":{"line":44,"column":29},"end":{"line":50,"column":1}},"line":44},"5":{"name":"alkuTitlesta","decl":{"start":{"line":53,"column":9},"end":{"line":53,"column":21}},"loc":{"start":{"line":53,"column":29},"end":{"line":60,"column":1}},"line":53},"6":{"name":"(anonymous_6)","decl":{"start":{"line":56,"column":13},"end":{"line":56,"column":14}},"loc":{"start":{"line":56,"column":21},"end":{"line":56,"column":42}},"line":56},"7":{"name":"ensureUniqueCitekey","decl":{"start":{"line":62,"column":16},"end":{"line":62,"column":35}},"loc":{"start":{"line":62,"column":53},"end":{"line":75,"column":1}},"line":62},"8":{"name":"(anonymous_8)","decl":{"start":{"line":63,"column":41},"end":{"line":63,"column":42}},"loc":{"start":{"line":63,"column":50},"end":{"line":63,"column":63}},"line":63}},"branchMap":{"0":{"loc":{"start":{"line":7,"column":4},"end":{"line":11,"column":5}},"type":"if","locations":[{"start":{"line":7,"column":4},"end":{"line":11,"column":5}},{"start":{"line":9,"column":11},"end":{"line":11,"column":5}}],"line":7},"1":{"loc":{"start":{"line":18,"column":4},"end":{"line":20,"column":24}},"type":"if","locations":[{"start":{"line":18,"column":4},"end":{"line":20,"column":24}},{"start":{"line":20,"column":11},"end":{"line":20,"column":24}}],"line":18},"2":{"loc":{"start":{"line":31,"column":4},"end":{"line":33,"column":5}},"type":"if","locations":[{"start":{"line":31,"column":4},"end":{"line":33,"column":5}},{"start":{},"end":{}}],"line":31},"3":{"loc":{"start":{"line":45,"column":4},"end":{"line":47,"column":5}},"type":"if","locations":[{"start":{"line":45,"column":4},"end":{"line":47,"column":5}},{"start":{},"end":{}}],"line":45},"4":{"loc":{"start":{"line":65,"column":4},"end":{"line":65,"column":42}},"type":"if","locations":[{"start":{"line":65,"column":4},"end":{"line":65,"column":42}},{"start":{},"end":{}}],"line":65}},"s":{"0":10,"1":10,"2":9,"3":1,"4":10,"5":10,"6":7,"7":3,"8":10,"9":10,"10":9,"11":13,"12":9,"13":7,"14":2,"15":6,"16":13,"17":4,"18":9,"19":9,"20":1,"21":3,"22":1,"23":4,"24":5,"25":4,"26":2,"27":2,"28":2,"29":2,"30":1,"31":1,"32":2},"f":{"0":10,"1":9,"2":13,"3":6,"4":13,"5":1,"6":3,"7":4,"8":5},"b":{"0":[9,1],"1":[7,3],"2":[7,2],"3":[4,9],"4":[2,2]},"inputSourceMap":null,"_coverageSchema":"1a1c01bbd47fc00a2c39e90264f33305004495a9","hash":"9610ccf7f7a4e1fe7da0e4b2f60cb1e36e8bf273"}
,"C:\\kurssit\\ohtu\\OhtuMiniprojektiRyhm-10\\viite-luoja\\src\\funkkarit\\doihaku.js": {"path":"C:\\kurssit\\ohtu\\OhtuMiniprojektiRyhm-10\\viite-luoja\\src\\funkkarit\\doihaku.js","statementMap":{"0":{"start":{"line":14,"column":4},"end":{"line":16,"column":5}},"1":{"start":{"line":15,"column":8},"end":{"line":15,"column":40}},"2":{"start":{"line":21,"column":18},"end":{"line":21,"column":34}},"3":{"start":{"line":22,"column":21},"end":{"line":22,"column":43}},"4":{"start":{"line":24,"column":4},"end":{"line":26,"column":5}},"5":{"start":{"line":25,"column":8},"end":{"line":25,"column":51}},"6":{"start":{"line":28,"column":21},"end":{"line":28,"column":32}},"7":{"start":{"line":30,"column":24},"end":{"line":43,"column":5}},"8":{"start":{"line":32,"column":8},"end":{"line":41,"column":9}},"9":{"start":{"line":35,"column":27},"end":{"line":35,"column":75}},"10":{"start":{"line":36,"column":12},"end":{"line":36,"column":39}},"11":{"start":{"line":40,"column":12},"end":{"line":40,"column":58}},"12":{"start":{"line":45,"column":4},"end":{"line":45,"column":50}},"13":{"start":{"line":54,"column":4},"end":{"line":56,"column":5}},"14":{"start":{"line":55,"column":8},"end":{"line":55,"column":38}},"15":{"start":{"line":58,"column":21},"end":{"line":58,"column":40}},"16":{"start":{"line":62,"column":4},"end":{"line":70,"column":5}},"17":{"start":{"line":63,"column":8},"end":{"line":63,"column":24}},"18":{"start":{"line":65,"column":9},"end":{"line":70,"column":5}},"19":{"start":{"line":66,"column":8},"end":{"line":66,"column":42}},"20":{"start":{"line":68,"column":9},"end":{"line":70,"column":5}},"21":{"start":{"line":69,"column":8},"end":{"line":69,"column":88}},"22":{"start":{"line":72,"column":15},"end":{"line":72,"column":36}},"23":{"start":{"line":74,"column":4},"end":{"line":74,"column":35}},"24":{"start":{"line":89,"column":4},"end":{"line":162,"column":5}},"25":{"start":{"line":91,"column":33},"end":{"line":118,"column":9}},"26":{"start":{"line":94,"column":28},"end":{"line":94,"column":56}},"27":{"start":{"line":95,"column":31},"end":{"line":95,"column":66}},"28":{"start":{"line":98,"column":28},"end":{"line":98,"column":56}},"29":{"start":{"line":101,"column":29},"end":{"line":101,"column":74}},"30":{"start":{"line":102,"column":27},"end":{"line":102,"column":71}},"31":{"start":{"line":109,"column":28},"end":{"line":109,"column":73}},"32":{"start":{"line":110,"column":27},"end":{"line":110,"column":62}},"33":{"start":{"line":111,"column":26},"end":{"line":111,"column":58}},"34":{"start":{"line":113,"column":26},"end":{"line":113,"column":70}},"35":{"start":{"line":120,"column":25},"end":{"line":120,"column":27}},"36":{"start":{"line":122,"column":8},"end":{"line":145,"column":11}},"37":{"start":{"line":124,"column":12},"end":{"line":143,"column":13}},"38":{"start":{"line":127,"column":20},"end":{"line":127,"column":26}},"39":{"start":{"line":131,"column":37},"end":{"line":131,"column":62}},"40":{"start":{"line":132,"column":24},"end":{"line":134,"column":25}},"41":{"start":{"line":133,"column":28},"end":{"line":133,"column":53}},"42":{"start":{"line":136,"column":20},"end":{"line":136,"column":26}},"43":{"start":{"line":139,"column":20},"end":{"line":141,"column":21}},"44":{"start":{"line":140,"column":24},"end":{"line":140,"column":78}},"45":{"start":{"line":142,"column":20},"end":{"line":142,"column":26}},"46":{"start":{"line":147,"column":24},"end":{"line":147,"column":46}},"47":{"start":{"line":149,"column":8},"end":{"line":151,"column":9}},"48":{"start":{"line":150,"column":12},"end":{"line":150,"column":41}},"49":{"start":{"line":153,"column":8},"end":{"line":155,"column":9}},"50":{"start":{"line":154,"column":12},"end":{"line":154,"column":59}},"51":{"start":{"line":157,"column":8},"end":{"line":157,"column":26}},"52":{"start":{"line":161,"column":8},"end":{"line":161,"column":55}},"53":{"start":{"line":169,"column":4},"end":{"line":171,"column":5}},"54":{"start":{"line":170,"column":8},"end":{"line":170,"column":18}},"55":{"start":{"line":173,"column":32},"end":{"line":173,"column":124}},"56":{"start":{"line":174,"column":32},"end":{"line":174,"column":124}},"57":{"start":{"line":175,"column":26},"end":{"line":175,"column":101}},"58":{"start":{"line":176,"column":16},"end":{"line":176,"column":89}},"59":{"start":{"line":178,"column":4},"end":{"line":187,"column":5}},"60":{"start":{"line":179,"column":8},"end":{"line":179,"column":77}},"61":{"start":{"line":181,"column":9},"end":{"line":187,"column":5}},"62":{"start":{"line":182,"column":8},"end":{"line":182,"column":77}},"63":{"start":{"line":184,"column":9},"end":{"line":187,"column":5}},"64":{"start":{"line":186,"column":8},"end":{"line":186,"column":51}},"65":{"start":{"line":189,"column":4},"end":{"line":189,"column":14}},"66":{"start":{"line":201,"column":4},"end":{"line":205,"column":5}},"67":{"start":{"line":204,"column":8},"end":{"line":204,"column":18}},"68":{"start":{"line":207,"column":29},"end":{"line":238,"column":5}},"69":{"start":{"line":240,"column":24},"end":{"line":240,"column":39}},"70":{"start":{"line":242,"column":4},"end":{"line":247,"column":5}},"71":{"start":{"line":243,"column":9},"end":{"line":243,"column":46}},"72":{"start":{"line":246,"column":8},"end":{"line":246,"column":22}},"73":{"start":{"line":258,"column":4},"end":{"line":263,"column":5}},"74":{"start":{"line":262,"column":8},"end":{"line":262,"column":18}},"75":{"start":{"line":266,"column":23},"end":{"line":273,"column":6}},"76":{"start":{"line":267,"column":8},"end":{"line":272,"column":9}},"77":{"start":{"line":268,"column":12},"end":{"line":268,"column":51}},"78":{"start":{"line":271,"column":12},"end":{"line":271,"column":50}},"79":{"start":{"line":275,"column":4},"end":{"line":282,"column":5}},"80":{"start":{"line":277,"column":8},"end":{"line":277,"column":18}},"81":{"start":{"line":279,"column":8},"end":{"line":279,"column":31}},"82":{"start":{"line":281,"column":8},"end":{"line":281,"column":123}},"83":{"start":{"line":292,"column":4},"end":{"line":298,"column":5}},"84":{"start":{"line":297,"column":8},"end":{"line":297,"column":18}},"85":{"start":{"line":300,"column":4},"end":{"line":302,"column":5}},"86":{"start":{"line":301,"column":8},"end":{"line":301,"column":18}},"87":{"start":{"line":304,"column":4},"end":{"line":304,"column":47}},"88":{"start":{"line":317,"column":4},"end":{"line":325,"column":5}},"89":{"start":{"line":324,"column":8},"end":{"line":324,"column":28}},"90":{"start":{"line":327,"column":4},"end":{"line":327,"column":106}},"91":{"start":{"line":327,"column":56},"end":{"line":327,"column":71}}},"fnMap":{"0":{"name":"haeMetadata","decl":{"start":{"line":9,"column":22},"end":{"line":9,"column":33}},"loc":{"start":{"line":9,"column":45},"end":{"line":47,"column":1}},"line":9},"1":{"name":"(anonymous_1)","decl":{"start":{"line":30,"column":24},"end":{"line":30,"column":25}},"loc":{"start":{"line":30,"column":36},"end":{"line":43,"column":5}},"line":30},"2":{"name":"kasitteleHaetutMetatiedot","decl":{"start":{"line":50,"column":22},"end":{"line":50,"column":47}},"loc":{"start":{"line":50,"column":61},"end":{"line":76,"column":1}},"line":50},"3":{"name":"lueKentat","decl":{"start":{"line":79,"column":16},"end":{"line":79,"column":25}},"loc":{"start":{"line":79,"column":36},"end":{"line":164,"column":1}},"line":79},"4":{"name":"(anonymous_4)","decl":{"start":{"line":94,"column":22},"end":{"line":94,"column":23}},"loc":{"start":{"line":94,"column":28},"end":{"line":94,"column":56}},"line":94},"5":{"name":"(anonymous_5)","decl":{"start":{"line":95,"column":25},"end":{"line":95,"column":26}},"loc":{"start":{"line":95,"column":31},"end":{"line":95,"column":66}},"line":95},"6":{"name":"(anonymous_6)","decl":{"start":{"line":98,"column":22},"end":{"line":98,"column":23}},"loc":{"start":{"line":98,"column":28},"end":{"line":98,"column":56}},"line":98},"7":{"name":"(anonymous_7)","decl":{"start":{"line":101,"column":23},"end":{"line":101,"column":24}},"loc":{"start":{"line":101,"column":29},"end":{"line":101,"column":74}},"line":101},"8":{"name":"(anonymous_8)","decl":{"start":{"line":102,"column":21},"end":{"line":102,"column":22}},"loc":{"start":{"line":102,"column":27},"end":{"line":102,"column":71}},"line":102},"9":{"name":"(anonymous_9)","decl":{"start":{"line":109,"column":22},"end":{"line":109,"column":23}},"loc":{"start":{"line":109,"column":28},"end":{"line":109,"column":73}},"line":109},"10":{"name":"(anonymous_10)","decl":{"start":{"line":110,"column":21},"end":{"line":110,"column":22}},"loc":{"start":{"line":110,"column":27},"end":{"line":110,"column":62}},"line":110},"11":{"name":"(anonymous_11)","decl":{"start":{"line":111,"column":20},"end":{"line":111,"column":21}},"loc":{"start":{"line":111,"column":26},"end":{"line":111,"column":58}},"line":111},"12":{"name":"(anonymous_12)","decl":{"start":{"line":113,"column":20},"end":{"line":113,"column":21}},"loc":{"start":{"line":113,"column":26},"end":{"line":113,"column":70}},"line":113},"13":{"name":"(anonymous_13)","decl":{"start":{"line":122,"column":46},"end":{"line":122,"column":47}},"loc":{"start":{"line":122,"column":55},"end":{"line":145,"column":9}},"line":122},"14":{"name":"luoCitekey","decl":{"start":{"line":167,"column":16},"end":{"line":167,"column":26}},"loc":{"start":{"line":167,"column":37},"end":{"line":191,"column":1}},"line":167},"15":{"name":"lueViitetyyppi","decl":{"start":{"line":194,"column":16},"end":{"line":194,"column":30}},"loc":{"start":{"line":194,"column":48},"end":{"line":249,"column":1}},"line":194},"16":{"name":"lueNimet","decl":{"start":{"line":252,"column":16},"end":{"line":252,"column":24}},"loc":{"start":{"line":252,"column":42},"end":{"line":284,"column":1}},"line":252},"17":{"name":"(anonymous_17)","decl":{"start":{"line":266,"column":43},"end":{"line":266,"column":44}},"loc":{"start":{"line":266,"column":60},"end":{"line":273,"column":5}},"line":266},"18":{"name":"lueTaulukosta","decl":{"start":{"line":287,"column":16},"end":{"line":287,"column":29}},"loc":{"start":{"line":287,"column":56},"end":{"line":306,"column":1}},"line":287},"19":{"name":"luePaivaysTaulukko","decl":{"start":{"line":309,"column":16},"end":{"line":309,"column":34}},"loc":{"start":{"line":309,"column":52},"end":{"line":329,"column":1}},"line":309},"20":{"name":"(anonymous_20)","decl":{"start":{"line":327,"column":48},"end":{"line":327,"column":49}},"loc":{"start":{"line":327,"column":56},"end":{"line":327,"column":71}},"line":327}},"branchMap":{"0":{"loc":{"start":{"line":14,"column":4},"end":{"line":16,"column":5}},"type":"if","locations":[{"start":{"line":14,"column":4},"end":{"line":16,"column":5}},{"start":{},"end":{}}],"line":14},"1":{"loc":{"start":{"line":14,"column":8},"end":{"line":14,"column":64}},"type":"binary-expr","locations":[{"start":{"line":14,"column":8},"end":{"line":14,"column":31}},{"start":{"line":14,"column":35},"end":{"line":14,"column":64}}],"line":14},"2":{"loc":{"start":{"line":24,"column":4},"end":{"line":26,"column":5}},"type":"if","locations":[{"start":{"line":24,"column":4},"end":{"line":26,"column":5}},{"start":{},"end":{}}],"line":24},"3":{"loc":{"start":{"line":54,"column":4},"end":{"line":56,"column":5}},"type":"if","locations":[{"start":{"line":54,"column":4},"end":{"line":56,"column":5}},{"start":{},"end":{}}],"line":54},"4":{"loc":{"start":{"line":54,"column":8},"end":{"line":54,"column":70}},"type":"binary-expr","locations":[{"start":{"line":54,"column":8},"end":{"line":54,"column":33}},{"start":{"line":54,"column":37},"end":{"line":54,"column":70}}],"line":54},"5":{"loc":{"start":{"line":62,"column":4},"end":{"line":70,"column":5}},"type":"if","locations":[{"start":{"line":62,"column":4},"end":{"line":70,"column":5}},{"start":{"line":65,"column":9},"end":{"line":70,"column":5}}],"line":62},"6":{"loc":{"start":{"line":65,"column":9},"end":{"line":70,"column":5}},"type":"if","locations":[{"start":{"line":65,"column":9},"end":{"line":70,"column":5}},{"start":{"line":68,"column":9},"end":{"line":70,"column":5}}],"line":65},"7":{"loc":{"start":{"line":68,"column":9},"end":{"line":70,"column":5}},"type":"if","locations":[{"start":{"line":68,"column":9},"end":{"line":70,"column":5}},{"start":{},"end":{}}],"line":68},"8":{"loc":{"start":{"line":124,"column":12},"end":{"line":143,"column":13}},"type":"switch","locations":[{"start":{"line":125,"column":16},"end":{"line":127,"column":26}},{"start":{"line":128,"column":16},"end":{"line":136,"column":26}},{"start":{"line":137,"column":16},"end":{"line":142,"column":26}}],"line":124},"9":{"loc":{"start":{"line":132,"column":24},"end":{"line":134,"column":25}},"type":"if","locations":[{"start":{"line":132,"column":24},"end":{"line":134,"column":25}},{"start":{},"end":{}}],"line":132},"10":{"loc":{"start":{"line":139,"column":20},"end":{"line":141,"column":21}},"type":"if","locations":[{"start":{"line":139,"column":20},"end":{"line":141,"column":21}},{"start":{},"end":{}}],"line":139},"11":{"loc":{"start":{"line":149,"column":8},"end":{"line":151,"column":9}},"type":"if","locations":[{"start":{"line":149,"column":8},"end":{"line":151,"column":9}},{"start":{},"end":{}}],"line":149},"12":{"loc":{"start":{"line":153,"column":8},"end":{"line":155,"column":9}},"type":"if","locations":[{"start":{"line":153,"column":8},"end":{"line":155,"column":9}},{"start":{},"end":{}}],"line":153},"13":{"loc":{"start":{"line":169,"column":4},"end":{"line":171,"column":5}},"type":"if","locations":[{"start":{"line":169,"column":4},"end":{"line":171,"column":5}},{"start":{},"end":{}}],"line":169},"14":{"loc":{"start":{"line":173,"column":32},"end":{"line":173,"column":124}},"type":"cond-expr","locations":[{"start":{"line":173,"column":91},"end":{"line":173,"column":119}},{"start":{"line":173,"column":122},"end":{"line":173,"column":124}}],"line":173},"15":{"loc":{"start":{"line":174,"column":32},"end":{"line":174,"column":124}},"type":"cond-expr","locations":[{"start":{"line":174,"column":91},"end":{"line":174,"column":119}},{"start":{"line":174,"column":122},"end":{"line":174,"column":124}}],"line":174},"16":{"loc":{"start":{"line":175,"column":26},"end":{"line":175,"column":101}},"type":"cond-expr","locations":[{"start":{"line":175,"column":83},"end":{"line":175,"column":96}},{"start":{"line":175,"column":99},"end":{"line":175,"column":101}}],"line":175},"17":{"loc":{"start":{"line":176,"column":16},"end":{"line":176,"column":89}},"type":"cond-expr","locations":[{"start":{"line":176,"column":72},"end":{"line":176,"column":84}},{"start":{"line":176,"column":87},"end":{"line":176,"column":89}}],"line":176},"18":{"loc":{"start":{"line":178,"column":4},"end":{"line":187,"column":5}},"type":"if","locations":[{"start":{"line":178,"column":4},"end":{"line":187,"column":5}},{"start":{"line":181,"column":9},"end":{"line":187,"column":5}}],"line":178},"19":{"loc":{"start":{"line":178,"column":8},"end":{"line":178,"column":60}},"type":"binary-expr","locations":[{"start":{"line":178,"column":8},"end":{"line":178,"column":32}},{"start":{"line":178,"column":36},"end":{"line":178,"column":60}}],"line":178},"20":{"loc":{"start":{"line":181,"column":9},"end":{"line":187,"column":5}},"type":"if","locations":[{"start":{"line":181,"column":9},"end":{"line":187,"column":5}},{"start":{"line":184,"column":9},"end":{"line":187,"column":5}}],"line":181},"21":{"loc":{"start":{"line":181,"column":13},"end":{"line":181,"column":65}},"type":"binary-expr","locations":[{"start":{"line":181,"column":13},"end":{"line":181,"column":37}},{"start":{"line":181,"column":41},"end":{"line":181,"column":65}}],"line":181},"22":{"loc":{"start":{"line":184,"column":9},"end":{"line":187,"column":5}},"type":"if","locations":[{"start":{"line":184,"column":9},"end":{"line":187,"column":5}},{"start":{},"end":{}}],"line":184},"23":{"loc":{"start":{"line":201,"column":4},"end":{"line":205,"column":5}},"type":"if","locations":[{"start":{"line":201,"column":4},"end":{"line":205,"column":5}},{"start":{},"end":{}}],"line":201},"24":{"loc":{"start":{"line":201,"column":8},"end":{"line":203,"column":62}},"type":"binary-expr","locations":[{"start":{"line":201,"column":8},"end":{"line":201,"column":36}},{"start":{"line":202,"column":8},"end":{"line":202,"column":33}},{"start":{"line":203,"column":8},"end":{"line":203,"column":62}}],"line":201},"25":{"loc":{"start":{"line":242,"column":4},"end":{"line":247,"column":5}},"type":"if","locations":[{"start":{"line":242,"column":4},"end":{"line":247,"column":5}},{"start":{"line":245,"column":9},"end":{"line":247,"column":5}}],"line":242},"26":{"loc":{"start":{"line":258,"column":4},"end":{"line":263,"column":5}},"type":"if","locations":[{"start":{"line":258,"column":4},"end":{"line":263,"column":5}},{"start":{},"end":{}}],"line":258},"27":{"loc":{"start":{"line":258,"column":8},"end":{"line":261,"column":43}},"type":"binary-expr","locations":[{"start":{"line":258,"column":8},"end":{"line":258,"column":36}},{"start":{"line":259,"column":8},"end":{"line":259,"column":33}},{"start":{"line":260,"column":8},"end":{"line":260,"column":62}},{"start":{"line":261,"column":8},"end":{"line":261,"column":43}}],"line":258},"28":{"loc":{"start":{"line":267,"column":8},"end":{"line":272,"column":9}},"type":"if","locations":[{"start":{"line":267,"column":8},"end":{"line":272,"column":9}},{"start":{"line":270,"column":13},"end":{"line":272,"column":9}}],"line":267},"29":{"loc":{"start":{"line":275,"column":4},"end":{"line":282,"column":5}},"type":"switch","locations":[{"start":{"line":276,"column":6},"end":{"line":277,"column":18}},{"start":{"line":278,"column":6},"end":{"line":279,"column":31}},{"start":{"line":280,"column":6},"end":{"line":281,"column":123}}],"line":275},"30":{"loc":{"start":{"line":292,"column":4},"end":{"line":298,"column":5}},"type":"if","locations":[{"start":{"line":292,"column":4},"end":{"line":298,"column":5}},{"start":{},"end":{}}],"line":292},"31":{"loc":{"start":{"line":292,"column":8},"end":{"line":296,"column":43}},"type":"binary-expr","locations":[{"start":{"line":292,"column":8},"end":{"line":292,"column":36}},{"start":{"line":293,"column":8},"end":{"line":293,"column":33}},{"start":{"line":294,"column":8},"end":{"line":294,"column":35}},{"start":{"line":295,"column":8},"end":{"line":295,"column":62}},{"start":{"line":296,"column":8},"end":{"line":296,"column":43}}],"line":292},"32":{"loc":{"start":{"line":300,"column":4},"end":{"line":302,"column":5}},"type":"if","locations":[{"start":{"line":300,"column":4},"end":{"line":302,"column":5}},{"start":{},"end":{}}],"line":300},"33":{"loc":{"start":{"line":300,"column":8},"end":{"line":300,"column":59}},"type":"binary-expr","locations":[{"start":{"line":300,"column":8},"end":{"line":300,"column":19}},{"start":{"line":300,"column":23},"end":{"line":300,"column":59}}],"line":300},"34":{"loc":{"start":{"line":317,"column":4},"end":{"line":325,"column":5}},"type":"if","locations":[{"start":{"line":317,"column":4},"end":{"line":325,"column":5}},{"start":{},"end":{}}],"line":317},"35":{"loc":{"start":{"line":317,"column":8},"end":{"line":323,"column":52}},"type":"binary-expr","locations":[{"start":{"line":317,"column":8},"end":{"line":317,"column":36}},{"start":{"line":318,"column":8},"end":{"line":318,"column":33}},{"start":{"line":319,"column":8},"end":{"line":319,"column":62}},{"start":{"line":320,"column":8},"end":{"line":320,"column":76}},{"start":{"line":321,"column":8},"end":{"line":321,"column":57}},{"start":{"line":322,"column":8},"end":{"line":322,"column":49}},{"start":{"line":323,"column":8},"end":{"line":323,"column":52}}],"line":317}},"s":{"0":5,"1":2,"2":3,"3":3,"4":3,"5":3,"6":0,"7":0,"8":0,"9":0,"10":0,"11":0,"12":0,"13":6,"14":1,"15":5,"16":5,"17":1,"18":4,"19":1,"20":3,"21":1,"22":2,"23":2,"24":4,"25":4,"26":4,"27":4,"28":4,"29":4,"30":4,"31":3,"32":3,"33":3,"34":3,"35":4,"36":4,"37":91,"38":40,"39":32,"40":32,"41":8,"42":32,"43":19,"44":4,"45":18,"46":3,"47":3,"48":1,"49":3,"50":2,"51":1,"52":1,"53":8,"54":1,"55":7,"56":7,"57":7,"58":7,"59":7,"60":2,"61":5,"62":1,"63":4,"64":1,"65":3,"66":7,"67":4,"68":3,"69":3,"70":3,"71":2,"72":1,"73":13,"74":9,"75":4,"76":8,"77":4,"78":4,"79":4,"80":0,"81":1,"82":3,"83":19,"84":12,"85":7,"86":2,"87":5,"88":14,"89":9,"90":5,"91":12},"f":{"0":5,"1":0,"2":6,"3":4,"4":4,"5":4,"6":4,"7":4,"8":4,"9":3,"10":3,"11":3,"12":3,"13":91,"14":8,"15":7,"16":13,"17":8,"18":19,"19":14,"20":12},"b":{"0":[2,3],"1":[5,4],"2":[3,0],"3":[1,5],"4":[6,5],"5":[1,4],"6":[1,3],"7":[1,2],"8":[40,32,19],"9":[8,24],"10":[4,14],"11":[1,2],"12":[2,1],"13":[1,7],"14":[2,5],"15":[1,6],"16":[3,4],"17":[2,5],"18":[2,5],"19":[7,2],"20":[1,4],"21":[5,1],"22":[1,3],"23":[4,3],"24":[7,6,6],"25":[2,1],"26":[9,4],"27":[13,10,10,4],"28":[4,4],"29":[0,1,3],"30":[12,7],"31":[19,16,16,16,7],"32":[2,5],"33":[7,6],"34":[9,5],"35":[14,12,12,7,7,7,6]},"inputSourceMap":null,"_coverageSchema":"1a1c01bbd47fc00a2c39e90264f33305004495a9","hash":"df206b736a826e507089401cc2a18321b0921092"}
,"C:\\kurssit\\ohtu\\OhtuMiniprojektiRyhm-10\\viite-luoja\\src\\funkkarit\\fields.js": {"path":"C:\\kurssit\\ohtu\\OhtuMiniprojektiRyhm-10\\viite-luoja\\src\\funkkarit\\fields.js","statementMap":{"0":{"start":{"line":8,"column":15},"end":{"line":8,"column":37}},"1":{"start":{"line":9,"column":2},"end":{"line":9,"column":48}},"2":{"start":{"line":9,"column":37},"end":{"line":9,"column":48}},"3":{"start":{"line":12,"column":15},"end":{"line":12,"column":74}},"4":{"start":{"line":12,"column":59},"end":{"line":12,"column":73}},"5":{"start":{"line":14,"column":2},"end":{"line":17,"column":3}},"6":{"start":{"line":15,"column":4},"end":{"line":15,"column":58}},"7":{"start":{"line":16,"column":4},"end":{"line":16,"column":18}},"8":{"start":{"line":18,"column":2},"end":{"line":18,"column":16}}},"fnMap":{"0":{"name":"getFields","decl":{"start":{"line":5,"column":16},"end":{"line":5,"column":25}},"loc":{"start":{"line":5,"column":59},"end":{"line":19,"column":1}},"line":5},"1":{"name":"(anonymous_1)","decl":{"start":{"line":12,"column":49},"end":{"line":12,"column":50}},"loc":{"start":{"line":12,"column":59},"end":{"line":12,"column":73}},"line":12}},"branchMap":{"0":{"loc":{"start":{"line":5,"column":39},"end":{"line":5,"column":57}},"type":"default-arg","locations":[{"start":{"line":5,"column":53},"end":{"line":5,"column":57}}],"line":5},"1":{"loc":{"start":{"line":9,"column":2},"end":{"line":9,"column":48}},"type":"if","locations":[{"start":{"line":9,"column":2},"end":{"line":9,"column":48}},{"start":{},"end":{}}],"line":9},"2":{"loc":{"start":{"line":14,"column":2},"end":{"line":17,"column":3}},"type":"if","locations":[{"start":{"line":14,"column":2},"end":{"line":17,"column":3}},{"start":{},"end":{}}],"line":14}},"s":{"0":2,"1":2,"2":1,"3":1,"4":5,"5":1,"6":0,"7":0,"8":1},"f":{"0":2,"1":5},"b":{"0":[2],"1":[1,1],"2":[0,1]},"inputSourceMap":null,"_coverageSchema":"1a1c01bbd47fc00a2c39e90264f33305004495a9","hash":"b06b69974f57fa51d481b7ddb79fac81b6850d62"}
,"C:\\kurssit\\ohtu\\OhtuMiniprojektiRyhm-10\\viite-luoja\\src\\funkkarit\\jsonToBibtexApu.js": {"path":"C:\\kurssit\\ohtu\\OhtuMiniprojektiRyhm-10\\viite-luoja\\src\\funkkarit\\jsonToBibtexApu.js","statementMap":{"0":{"start":{"line":40,"column":14},"end":{"line":40,"column":16}},"1":{"start":{"line":41,"column":13},"end":{"line":41,"column":17}},"2":{"start":{"line":42,"column":16},"end":{"line":42,"column":20}},"3":{"start":{"line":44,"column":2},"end":{"line":47,"column":3}},"4":{"start":{"line":45,"column":4},"end":{"line":45,"column":93}},"5":{"start":{"line":46,"column":4},"end":{"line":46,"column":16}},"6":{"start":{"line":50,"column":2},"end":{"line":52,"column":3}},"7":{"start":{"line":51,"column":4},"end":{"line":51,"column":36}},"8":{"start":{"line":54,"column":2},"end":{"line":56,"column":3}},"9":{"start":{"line":55,"column":4},"end":{"line":55,"column":30}},"10":{"start":{"line":58,"column":2},"end":{"line":61,"column":3}},"11":{"start":{"line":59,"column":4},"end":{"line":59,"column":67}},"12":{"start":{"line":60,"column":4},"end":{"line":60,"column":15}},"13":{"start":{"line":63,"column":2},"end":{"line":66,"column":3}},"14":{"start":{"line":64,"column":4},"end":{"line":64,"column":61}},"15":{"start":{"line":65,"column":4},"end":{"line":65,"column":15}},"16":{"start":{"line":69,"column":2},"end":{"line":95,"column":3}},"17":{"start":{"line":71,"column":16},"end":{"line":71,"column":31}},"18":{"start":{"line":73,"column":4},"end":{"line":93,"column":5}},"19":{"start":{"line":76,"column":8},"end":{"line":76,"column":14}},"20":{"start":{"line":79,"column":8},"end":{"line":79,"column":14}},"21":{"start":{"line":83,"column":8},"end":{"line":83,"column":14}},"22":{"start":{"line":86,"column":8},"end":{"line":91,"column":9}},"23":{"start":{"line":87,"column":10},"end":{"line":90,"column":15}},"24":{"start":{"line":97,"column":2},"end":{"line":100,"column":3}},"25":{"start":{"line":98,"column":4},"end":{"line":98,"column":66}},"26":{"start":{"line":99,"column":4},"end":{"line":99,"column":15}},"27":{"start":{"line":102,"column":2},"end":{"line":106,"column":3}},"28":{"start":{"line":113,"column":21},"end":{"line":113,"column":200}},"29":{"start":{"line":114,"column":2},"end":{"line":114,"column":39}},"30":{"start":{"line":121,"column":22},"end":{"line":121,"column":290}},"31":{"start":{"line":122,"column":2},"end":{"line":122,"column":72}},"32":{"start":{"line":128,"column":2},"end":{"line":128,"column":56}}},"fnMap":{"0":{"name":"jsonToBibtexMuodostaja","decl":{"start":{"line":38,"column":16},"end":{"line":38,"column":38}},"loc":{"start":{"line":38,"column":51},"end":{"line":108,"column":1}},"line":38},"1":{"name":"isValidType","decl":{"start":{"line":111,"column":9},"end":{"line":111,"column":20}},"loc":{"start":{"line":111,"column":31},"end":{"line":116,"column":1}},"line":111},"2":{"name":"isValidField","decl":{"start":{"line":119,"column":9},"end":{"line":119,"column":21}},"loc":{"start":{"line":119,"column":40},"end":{"line":124,"column":1}},"line":119},"3":{"name":"isValidCitekey","decl":{"start":{"line":127,"column":9},"end":{"line":127,"column":23}},"loc":{"start":{"line":127,"column":33},"end":{"line":129,"column":1}},"line":127}},"branchMap":{"0":{"loc":{"start":{"line":44,"column":2},"end":{"line":47,"column":3}},"type":"if","locations":[{"start":{"line":44,"column":2},"end":{"line":47,"column":3}},{"start":{},"end":{}}],"line":44},"1":{"loc":{"start":{"line":44,"column":6},"end":{"line":44,"column":87}},"type":"binary-expr","locations":[{"start":{"line":44,"column":6},"end":{"line":44,"column":25}},{"start":{"line":44,"column":29},"end":{"line":44,"column":58}},{"start":{"line":44,"column":62},"end":{"line":44,"column":87}}],"line":44},"2":{"loc":{"start":{"line":50,"column":2},"end":{"line":52,"column":3}},"type":"if","locations":[{"start":{"line":50,"column":2},"end":{"line":52,"column":3}},{"start":{},"end":{}}],"line":50},"3":{"loc":{"start":{"line":54,"column":2},"end":{"line":56,"column":3}},"type":"if","locations":[{"start":{"line":54,"column":2},"end":{"line":56,"column":3}},{"start":{},"end":{}}],"line":54},"4":{"loc":{"start":{"line":58,"column":2},"end":{"line":61,"column":3}},"type":"if","locations":[{"start":{"line":58,"column":2},"end":{"line":61,"column":3}},{"start":{},"end":{}}],"line":58},"5":{"loc":{"start":{"line":63,"column":2},"end":{"line":66,"column":3}},"type":"if","locations":[{"start":{"line":63,"column":2},"end":{"line":66,"column":3}},{"start":{},"end":{}}],"line":63},"6":{"loc":{"start":{"line":73,"column":4},"end":{"line":93,"column":5}},"type":"switch","locations":[{"start":{"line":75,"column":6},"end":{"line":76,"column":14}},{"start":{"line":78,"column":6},"end":{"line":79,"column":14}},{"start":{"line":81,"column":6},"end":{"line":83,"column":14}},{"start":{"line":85,"column":6},"end":{"line":91,"column":9}}],"line":73},"7":{"loc":{"start":{"line":86,"column":8},"end":{"line":91,"column":9}},"type":"if","locations":[{"start":{"line":86,"column":8},"end":{"line":91,"column":9}},{"start":{},"end":{}}],"line":86},"8":{"loc":{"start":{"line":97,"column":2},"end":{"line":100,"column":3}},"type":"if","locations":[{"start":{"line":97,"column":2},"end":{"line":100,"column":3}},{"start":{},"end":{}}],"line":97},"9":{"loc":{"start":{"line":122,"column":9},"end":{"line":122,"column":71}},"type":"binary-expr","locations":[{"start":{"line":122,"column":9},"end":{"line":122,"column":54}},{"start":{"line":122,"column":58},"end":{"line":122,"column":71}}],"line":122},"10":{"loc":{"start":{"line":128,"column":9},"end":{"line":128,"column":55}},"type":"binary-expr","locations":[{"start":{"line":128,"column":9},"end":{"line":128,"column":25}},{"start":{"line":128,"column":29},"end":{"line":128,"column":55}}],"line":128}},"s":{"0":9,"1":9,"2":9,"3":9,"4":2,"5":2,"6":7,"7":6,"8":7,"9":6,"10":7,"11":2,"12":2,"13":5,"14":2,"15":2,"16":3,"17":10,"18":10,"19":3,"20":3,"21":0,"22":4,"23":3,"24":3,"25":1,"26":1,"27":2,"28":5,"29":5,"30":4,"31":4,"32":7},"f":{"0":9,"1":5,"2":4,"3":7},"b":{"0":[2,7],"1":[9,8,7],"2":[6,1],"3":[6,1],"4":[2,5],"5":[2,3],"6":[3,3,0,4],"7":[3,1],"8":[1,2],"9":[4,3],"10":[7,5]},"inputSourceMap":null,"_coverageSchema":"1a1c01bbd47fc00a2c39e90264f33305004495a9","hash":"965c1ecce62802a2c473622042967675d642ae39"}
,"C:\\kurssit\\ohtu\\OhtuMiniprojektiRyhm-10\\viite-luoja\\src\\funkkarit\\muokkaus.js": {"path":"C:\\kurssit\\ohtu\\OhtuMiniprojektiRyhm-10\\viite-luoja\\src\\funkkarit\\muokkaus.js","statementMap":{"0":{"start":{"line":7,"column":2},"end":{"line":11,"column":3}},"1":{"start":{"line":8,"column":4},"end":{"line":8,"column":32}},"2":{"start":{"line":10,"column":4},"end":{"line":10,"column":23}},"3":{"start":{"line":14,"column":2},"end":{"line":70,"column":3}},"4":{"start":{"line":15,"column":4},"end":{"line":15,"column":43}},"5":{"start":{"line":16,"column":24},"end":{"line":16,"column":37}},"6":{"start":{"line":17,"column":20},"end":{"line":17,"column":29}},"7":{"start":{"line":18,"column":17},"end":{"line":18,"column":22}},"8":{"start":{"line":19,"column":4},"end":{"line":30,"column":5}},"9":{"start":{"line":19,"column":15},"end":{"line":19,"column":16}},"10":{"start":{"line":20,"column":6},"end":{"line":29,"column":7}},"11":{"start":{"line":21,"column":8},"end":{"line":21,"column":46}},"12":{"start":{"line":22,"column":8},"end":{"line":22,"column":35}},"13":{"start":{"line":24,"column":8},"end":{"line":26,"column":9}},"14":{"start":{"line":25,"column":10},"end":{"line":25,"column":35}},"15":{"start":{"line":27,"column":8},"end":{"line":27,"column":22}},"16":{"start":{"line":28,"column":8},"end":{"line":28,"column":14}},"17":{"start":{"line":34,"column":4},"end":{"line":38,"column":5}},"18":{"start":{"line":35,"column":6},"end":{"line":35,"column":36}},"19":{"start":{"line":36,"column":6},"end":{"line":36,"column":33}},"20":{"start":{"line":37,"column":6},"end":{"line":37,"column":31}},"21":{"start":{"line":39,"column":4},"end":{"line":49,"column":5}},"22":{"start":{"line":39,"column":15},"end":{"line":39,"column":16}},"23":{"start":{"line":40,"column":6},"end":{"line":48,"column":7}},"24":{"start":{"line":41,"column":8},"end":{"line":41,"column":42}},"25":{"start":{"line":42,"column":8},"end":{"line":42,"column":27}},"26":{"start":{"line":43,"column":8},"end":{"line":45,"column":9}},"27":{"start":{"line":44,"column":10},"end":{"line":44,"column":31}},"28":{"start":{"line":47,"column":8},"end":{"line":47,"column":14}},"29":{"start":{"line":53,"column":4},"end":{"line":59,"column":5}},"30":{"start":{"line":54,"column":8},"end":{"line":54,"column":73}},"31":{"start":{"line":57,"column":24},"end":{"line":57,"column":50}},"32":{"start":{"line":58,"column":8},"end":{"line":58,"column":63}},"33":{"start":{"line":63,"column":4},"end":{"line":65,"column":5}},"34":{"start":{"line":64,"column":8},"end":{"line":64,"column":50}},"35":{"start":{"line":64,"column":28},"end":{"line":64,"column":48}},"36":{"start":{"line":66,"column":4},"end":{"line":66,"column":42}},"37":{"start":{"line":66,"column":20},"end":{"line":66,"column":40}},"38":{"start":{"line":67,"column":4},"end":{"line":69,"column":5}},"39":{"start":{"line":68,"column":6},"end":{"line":68,"column":46}},"40":{"start":{"line":68,"column":24},"end":{"line":68,"column":44}},"41":{"start":{"line":73,"column":2},"end":{"line":75,"column":3}},"42":{"start":{"line":74,"column":4},"end":{"line":74,"column":31}},"43":{"start":{"line":77,"column":2},"end":{"line":77,"column":20}},"44":{"start":{"line":81,"column":18},"end":{"line":81,"column":48}},"45":{"start":{"line":82,"column":19},"end":{"line":89,"column":4}},"46":{"start":{"line":90,"column":2},"end":{"line":92,"column":5}},"47":{"start":{"line":91,"column":6},"end":{"line":91,"column":61}},"48":{"start":{"line":93,"column":4},"end":{"line":93,"column":39}},"49":{"start":{"line":98,"column":16},"end":{"line":98,"column":61}},"50":{"start":{"line":102,"column":18},"end":{"line":102,"column":20}},"51":{"start":{"line":104,"column":2},"end":{"line":106,"column":3}},"52":{"start":{"line":105,"column":4},"end":{"line":105,"column":40}},"53":{"start":{"line":109,"column":15},"end":{"line":109,"column":47}},"54":{"start":{"line":110,"column":13},"end":{"line":110,"column":58}},"55":{"start":{"line":112,"column":2},"end":{"line":112,"column":24}},"56":{"start":{"line":113,"column":2},"end":{"line":113,"column":19}}},"fnMap":{"0":{"name":"muokkaaViite","decl":{"start":{"line":3,"column":16},"end":{"line":3,"column":28}},"loc":{"start":{"line":3,"column":143},"end":{"line":78,"column":1}},"line":3},"1":{"name":"(anonymous_1)","decl":{"start":{"line":64,"column":20},"end":{"line":64,"column":21}},"loc":{"start":{"line":64,"column":28},"end":{"line":64,"column":48}},"line":64},"2":{"name":"(anonymous_2)","decl":{"start":{"line":66,"column":12},"end":{"line":66,"column":13}},"loc":{"start":{"line":66,"column":20},"end":{"line":66,"column":40}},"line":66},"3":{"name":"(anonymous_3)","decl":{"start":{"line":68,"column":16},"end":{"line":68,"column":17}},"loc":{"start":{"line":68,"column":24},"end":{"line":68,"column":44}},"line":68},"4":{"name":"viePalvelimelle","decl":{"start":{"line":80,"column":15},"end":{"line":80,"column":30}},"loc":{"start":{"line":80,"column":37},"end":{"line":94,"column":1}},"line":80},"5":{"name":"haeInputeista","decl":{"start":{"line":96,"column":9},"end":{"line":96,"column":22}},"loc":{"start":{"line":96,"column":25},"end":{"line":115,"column":1}},"line":96}},"branchMap":{"0":{"loc":{"start":{"line":3,"column":119},"end":{"line":3,"column":130}},"type":"default-arg","locations":[{"start":{"line":3,"column":126},"end":{"line":3,"column":130}}],"line":3},"1":{"loc":{"start":{"line":3,"column":132},"end":{"line":3,"column":142}},"type":"default-arg","locations":[{"start":{"line":3,"column":138},"end":{"line":3,"column":142}}],"line":3},"2":{"loc":{"start":{"line":7,"column":2},"end":{"line":11,"column":3}},"type":"if","locations":[{"start":{"line":7,"column":2},"end":{"line":11,"column":3}},{"start":{"line":9,"column":9},"end":{"line":11,"column":3}}],"line":7},"3":{"loc":{"start":{"line":14,"column":2},"end":{"line":70,"column":3}},"type":"if","locations":[{"start":{"line":14,"column":2},"end":{"line":70,"column":3}},{"start":{"line":50,"column":9},"end":{"line":70,"column":3}}],"line":14},"4":{"loc":{"start":{"line":14,"column":6},"end":{"line":14,"column":57}},"type":"binary-expr","locations":[{"start":{"line":14,"column":6},"end":{"line":14,"column":22}},{"start":{"line":14,"column":26},"end":{"line":14,"column":57}}],"line":14},"5":{"loc":{"start":{"line":20,"column":6},"end":{"line":29,"column":7}},"type":"if","locations":[{"start":{"line":20,"column":6},"end":{"line":29,"column":7}},{"start":{},"end":{}}],"line":20},"6":{"loc":{"start":{"line":24,"column":8},"end":{"line":26,"column":9}},"type":"if","locations":[{"start":{"line":24,"column":8},"end":{"line":26,"column":9}},{"start":{},"end":{}}],"line":24},"7":{"loc":{"start":{"line":34,"column":4},"end":{"line":38,"column":5}},"type":"if","locations":[{"start":{"line":34,"column":4},"end":{"line":38,"column":5}},{"start":{},"end":{}}],"line":34},"8":{"loc":{"start":{"line":34,"column":8},"end":{"line":34,"column":31}},"type":"binary-expr","locations":[{"start":{"line":34,"column":8},"end":{"line":34,"column":15}},{"start":{"line":34,"column":19},"end":{"line":34,"column":31}}],"line":34},"9":{"loc":{"start":{"line":40,"column":6},"end":{"line":48,"column":7}},"type":"if","locations":[{"start":{"line":40,"column":6},"end":{"line":48,"column":7}},{"start":{},"end":{}}],"line":40},"10":{"loc":{"start":{"line":43,"column":8},"end":{"line":45,"column":9}},"type":"if","locations":[{"start":{"line":43,"column":8},"end":{"line":45,"column":9}},{"start":{},"end":{}}],"line":43},"11":{"loc":{"start":{"line":53,"column":4},"end":{"line":59,"column":5}},"type":"if","locations":[{"start":{"line":53,"column":4},"end":{"line":59,"column":5}},{"start":{"line":56,"column":9},"end":{"line":59,"column":5}}],"line":53},"12":{"loc":{"start":{"line":53,"column":8},"end":{"line":53,"column":98}},"type":"binary-expr","locations":[{"start":{"line":53,"column":8},"end":{"line":53,"column":66}},{"start":{"line":53,"column":70},"end":{"line":53,"column":98}}],"line":53},"13":{"loc":{"start":{"line":63,"column":4},"end":{"line":65,"column":5}},"type":"if","locations":[{"start":{"line":63,"column":4},"end":{"line":65,"column":5}},{"start":{},"end":{}}],"line":63},"14":{"loc":{"start":{"line":67,"column":4},"end":{"line":69,"column":5}},"type":"if","locations":[{"start":{"line":67,"column":4},"end":{"line":69,"column":5}},{"start":{},"end":{}}],"line":67},"15":{"loc":{"start":{"line":73,"column":2},"end":{"line":75,"column":3}},"type":"if","locations":[{"start":{"line":73,"column":2},"end":{"line":75,"column":3}},{"start":{},"end":{}}],"line":73},"16":{"loc":{"start":{"line":90,"column":2},"end":{"line":92,"column":5}},"type":"if","locations":[{"start":{"line":90,"column":2},"end":{"line":92,"column":5}},{"start":{},"end":{}}],"line":90}},"s":{"0":3,"1":0,"2":3,"3":3,"4":1,"5":1,"6":1,"7":1,"8":1,"9":1,"10":1,"11":1,"12":1,"13":1,"14":0,"15":1,"16":1,"17":1,"18":0,"19":0,"20":0,"21":1,"22":1,"23":1,"24":1,"25":1,"26":1,"27":0,"28":1,"29":2,"30":0,"31":2,"32":2,"33":2,"34":1,"35":0,"36":2,"37":0,"38":2,"39":0,"40":0,"41":3,"42":0,"43":3,"44":0,"45":0,"46":0,"47":0,"48":0,"49":0,"50":0,"51":0,"52":0,"53":0,"54":0,"55":0,"56":0},"f":{"0":3,"1":0,"2":0,"3":0,"4":0,"5":0},"b":{"0":[0],"1":[0],"2":[0,3],"3":[1,2],"4":[3,3],"5":[1,0],"6":[0,1],"7":[0,1],"8":[1,0],"9":[1,0],"10":[0,1],"11":[0,2],"12":[2,0],"13":[1,1],"14":[0,2],"15":[0,3],"16":[0,0]},"inputSourceMap":null,"_coverageSchema":"1a1c01bbd47fc00a2c39e90264f33305004495a9","hash":"b81e6347118b98fefe497f0cb3436ff6cec9020e"}
,"C:\\kurssit\\ohtu\\OhtuMiniprojektiRyhm-10\\viite-luoja\\src\\funkkarit\\poisto.js": {"path":"C:\\kurssit\\ohtu\\OhtuMiniprojektiRyhm-10\\viite-luoja\\src\\funkkarit\\poisto.js","statementMap":{"0":{"start":{"line":2,"column":2},"end":{"line":2,"column":73}},"1":{"start":{"line":3,"column":14},"end":{"line":3,"column":80}},"2":{"start":{"line":3,"column":38},"end":{"line":3,"column":79}},"3":{"start":{"line":4,"column":2},"end":{"line":4,"column":21}},"4":{"start":{"line":6,"column":2},"end":{"line":8,"column":3}},"5":{"start":{"line":7,"column":4},"end":{"line":7,"column":21}},"6":{"start":{"line":10,"column":2},"end":{"line":12,"column":3}},"7":{"start":{"line":11,"column":4},"end":{"line":11,"column":33}},"8":{"start":{"line":13,"column":2},"end":{"line":13,"column":15}},"9":{"start":{"line":17,"column":18},"end":{"line":17,"column":48}},"10":{"start":{"line":18,"column":19},"end":{"line":25,"column":4}},"11":{"start":{"line":26,"column":2},"end":{"line":28,"column":5}},"12":{"start":{"line":27,"column":6},"end":{"line":27,"column":64}},"13":{"start":{"line":29,"column":4},"end":{"line":29,"column":40}}},"fnMap":{"0":{"name":"poistaViite","decl":{"start":{"line":1,"column":16},"end":{"line":1,"column":27}},"loc":{"start":{"line":1,"column":89},"end":{"line":14,"column":1}},"line":1},"1":{"name":"(anonymous_1)","decl":{"start":{"line":3,"column":30},"end":{"line":3,"column":31}},"loc":{"start":{"line":3,"column":38},"end":{"line":3,"column":79}},"line":3},"2":{"name":"viePalvelimelle","decl":{"start":{"line":16,"column":15},"end":{"line":16,"column":30}},"loc":{"start":{"line":16,"column":37},"end":{"line":30,"column":1}},"line":16}},"branchMap":{"0":{"loc":{"start":{"line":1,"column":64},"end":{"line":1,"column":76}},"type":"default-arg","locations":[{"start":{"line":1,"column":72},"end":{"line":1,"column":76}}],"line":1},"1":{"loc":{"start":{"line":6,"column":2},"end":{"line":8,"column":3}},"type":"if","locations":[{"start":{"line":6,"column":2},"end":{"line":8,"column":3}},{"start":{},"end":{}}],"line":6},"2":{"loc":{"start":{"line":10,"column":2},"end":{"line":12,"column":3}},"type":"if","locations":[{"start":{"line":10,"column":2},"end":{"line":12,"column":3}},{"start":{},"end":{}}],"line":10},"3":{"loc":{"start":{"line":26,"column":2},"end":{"line":28,"column":5}},"type":"if","locations":[{"start":{"line":26,"column":2},"end":{"line":28,"column":5}},{"start":{},"end":{}}],"line":26}},"s":{"0":3,"1":3,"2":6,"3":3,"4":3,"5":0,"6":3,"7":0,"8":3,"9":0,"10":0,"11":0,"12":0,"13":0},"f":{"0":3,"1":6,"2":0},"b":{"0":[0],"1":[0,3],"2":[0,3],"3":[0,0]},"inputSourceMap":null,"_coverageSchema":"1a1c01bbd47fc00a2c39e90264f33305004495a9","hash":"6788ada51e143943370e2789b860b8976664c3f5"}
}
