TN:
SF:backend\apu.js
FN:7,haeTiettyTyyppi
FN:24,haeKaikkiTyypit
FNF:2
FNH:1
FNDA:0,haeTiettyTyyppi
FNDA:3,haeKaikkiTyypit
DA:5,1
DA:8,0
DA:9,0
DA:10,0
DA:12,0
DA:13,0
DA:16,0
DA:19,0
DA:27,3
DA:28,3
DA:29,2
DA:31,2
DA:33,2
DA:35,1
DA:38,1
DA:41,1
LF:16
LH:9
BRDA:12,0,0,0
BRDA:12,0,1,0
BRDA:33,1,0,1
BRDA:33,1,1,1
BRF:4
BRH:2
end_of_record
TN:
SF:src\funkkarit\fields.js
FN:5,getFields
FNF:1
FNH:1
FNDA:2,getFields
DA:6,2
DA:7,2
DA:8,2
DA:14,1
DA:15,0
DA:19,1
DA:21,1
DA:22,0
DA:23,0
DA:25,1
DA:27,1
DA:28,1
LF:12
LH:9
BRDA:5,0,0,2
BRDA:14,1,0,0
BRDA:14,1,1,1
BRDA:21,2,0,0
BRDA:21,2,1,1
BRF:5
BRH:3
end_of_record
