TN:
SF:backend\apu.js
FN:7,haeTiettyTyyppi
FN:24,haeKaikkiTyypit
FNF:2
FNH:2
FNDA:3,haeTiettyTyyppi
FNDA:3,haeKaikkiTyypit
DA:5,1
DA:8,3
DA:9,3
DA:10,2
DA:12,2
DA:13,1
DA:16,1
DA:19,1
DA:27,3
DA:28,3
DA:29,2
DA:31,2
DA:33,2
DA:35,1
DA:38,1
DA:41,1
LF:16
LH:16
BRDA:12,0,0,1
BRDA:12,0,1,1
BRDA:33,1,0,1
BRDA:33,1,1,1
BRF:4
BRH:4
end_of_record
TN:
SF:src\funkkarit\checkRequired.js
FN:4,(anonymous_0)
FNF:1
FNH:1
FNDA:5,(anonymous_0)
DA:8,5
DA:9,5
DA:12,3
DA:15,3
DA:18,6
DA:19,2
DA:23,1
LF:7
LH:7
BRDA:9,0,0,2
BRDA:9,0,1,3
BRDA:18,1,0,2
BRDA:18,1,1,4
BRDA:18,2,0,6
BRDA:18,2,1,5
BRF:6
BRH:6
end_of_record
TN:
SF:src\funkkarit\citekey.js
FN:1,generateCitekey
FN:26,alkuAuthorista
FN:28,(anonymous_2)
FN:37,(anonymous_3)
FN:44,getLastname
FN:53,alkuTitlesta
FN:56,(anonymous_6)
FN:62,ensureUniqueCitekey
FN:63,(anonymous_8)
FNF:9
FNH:9
FNDA:10,generateCitekey
FNDA:9,alkuAuthorista
FNDA:13,(anonymous_2)
FNDA:6,(anonymous_3)
FNDA:13,getLastname
FNDA:1,alkuTitlesta
FNDA:3,(anonymous_6)
FNDA:4,ensureUniqueCitekey
FNDA:5,(anonymous_8)
DA:4,10
DA:7,10
DA:8,9
DA:10,1
DA:13,10
DA:18,10
DA:19,7
DA:20,3
DA:22,10
DA:23,10
DA:28,13
DA:31,9
DA:32,7
DA:36,2
DA:37,6
DA:45,13
DA:46,4
DA:48,9
DA:49,9
DA:54,1
DA:56,3
DA:59,1
DA:63,5
DA:65,4
DA:67,2
DA:68,2
DA:70,2
DA:71,1
DA:72,1
DA:74,2
LF:30
LH:30
BRDA:7,0,0,9
BRDA:7,0,1,1
BRDA:18,1,0,7
BRDA:18,1,1,3
BRDA:31,2,0,7
BRDA:31,2,1,2
BRDA:45,3,0,4
BRDA:45,3,1,9
BRDA:65,4,0,2
BRDA:65,4,1,2
BRF:10
BRH:10
end_of_record
TN:
SF:src\funkkarit\doihaku.js
FN:9,haeMetadata
FN:30,(anonymous_1)
FN:50,kasitteleHaetutMetatiedot
FN:79,lueKentat
FN:94,(anonymous_4)
FN:95,(anonymous_5)
FN:98,(anonymous_6)
FN:101,(anonymous_7)
FN:102,(anonymous_8)
FN:109,(anonymous_9)
FN:110,(anonymous_10)
FN:111,(anonymous_11)
FN:113,(anonymous_12)
FN:122,(anonymous_13)
FN:167,luoCitekey
FN:194,lueViitetyyppi
FN:252,lueNimet
FN:266,(anonymous_17)
FN:287,lueTaulukosta
FN:309,luePaivaysTaulukko
FN:327,(anonymous_20)
FNF:21
FNH:20
FNDA:5,haeMetadata
FNDA:0,(anonymous_1)
FNDA:6,kasitteleHaetutMetatiedot
FNDA:4,lueKentat
FNDA:4,(anonymous_4)
FNDA:4,(anonymous_5)
FNDA:4,(anonymous_6)
FNDA:4,(anonymous_7)
FNDA:4,(anonymous_8)
FNDA:3,(anonymous_9)
FNDA:3,(anonymous_10)
FNDA:3,(anonymous_11)
FNDA:3,(anonymous_12)
FNDA:91,(anonymous_13)
FNDA:8,luoCitekey
FNDA:7,lueViitetyyppi
FNDA:13,lueNimet
FNDA:8,(anonymous_17)
FNDA:19,lueTaulukosta
FNDA:14,luePaivaysTaulukko
FNDA:12,(anonymous_20)
DA:14,5
DA:15,2
DA:21,3
DA:22,3
DA:24,3
DA:25,3
DA:28,0
DA:30,0
DA:32,0
DA:35,0
DA:36,0
DA:40,0
DA:45,0
DA:54,6
DA:55,1
DA:58,5
DA:62,5
DA:63,1
DA:65,4
DA:66,1
DA:68,3
DA:69,1
DA:72,2
DA:74,2
DA:89,4
DA:91,4
DA:94,4
DA:95,4
DA:98,4
DA:101,4
DA:102,4
DA:109,3
DA:110,3
DA:111,3
DA:113,3
DA:120,4
DA:122,4
DA:124,91
DA:127,40
DA:131,32
DA:132,32
DA:133,8
DA:136,32
DA:139,19
DA:140,4
DA:142,18
DA:147,3
DA:149,3
DA:150,1
DA:153,3
DA:154,2
DA:157,1
DA:161,1
DA:169,8
DA:170,1
DA:173,7
DA:174,7
DA:175,7
DA:176,7
DA:178,7
DA:179,2
DA:181,5
DA:182,1
DA:184,4
DA:186,1
DA:189,3
DA:201,7
DA:204,4
DA:207,3
DA:240,3
DA:242,3
DA:243,2
DA:246,1
DA:258,13
DA:262,9
DA:266,4
DA:267,8
DA:268,4
DA:271,4
DA:275,4
DA:277,0
DA:279,1
DA:281,3
DA:292,19
DA:297,12
DA:300,7
DA:301,2
DA:304,5
DA:317,14
DA:324,9
DA:327,12
LF:91
LH:83
BRDA:14,0,0,2
BRDA:14,0,1,3
BRDA:14,1,0,5
BRDA:14,1,1,4
BRDA:24,2,0,3
BRDA:24,2,1,0
BRDA:54,3,0,1
BRDA:54,3,1,5
BRDA:54,4,0,6
BRDA:54,4,1,5
BRDA:62,5,0,1
BRDA:62,5,1,4
BRDA:65,6,0,1
BRDA:65,6,1,3
BRDA:68,7,0,1
BRDA:68,7,1,2
BRDA:124,8,0,40
BRDA:124,8,1,32
BRDA:124,8,2,19
BRDA:132,9,0,8
BRDA:132,9,1,24
BRDA:139,10,0,4
BRDA:139,10,1,14
BRDA:149,11,0,1
BRDA:149,11,1,2
BRDA:153,12,0,2
BRDA:153,12,1,1
BRDA:169,13,0,1
BRDA:169,13,1,7
BRDA:173,14,0,2
BRDA:173,14,1,5
BRDA:174,15,0,1
BRDA:174,15,1,6
BRDA:175,16,0,3
BRDA:175,16,1,4
BRDA:176,17,0,2
BRDA:176,17,1,5
BRDA:178,18,0,2
BRDA:178,18,1,5
BRDA:178,19,0,7
BRDA:178,19,1,2
BRDA:181,20,0,1
BRDA:181,20,1,4
BRDA:181,21,0,5
BRDA:181,21,1,1
BRDA:184,22,0,1
BRDA:184,22,1,3
BRDA:201,23,0,4
BRDA:201,23,1,3
BRDA:201,24,0,7
BRDA:201,24,1,6
BRDA:201,24,2,6
BRDA:242,25,0,2
BRDA:242,25,1,1
BRDA:258,26,0,9
BRDA:258,26,1,4
BRDA:258,27,0,13
BRDA:258,27,1,10
BRDA:258,27,2,10
BRDA:258,27,3,4
BRDA:267,28,0,4
BRDA:267,28,1,4
BRDA:275,29,0,0
BRDA:275,29,1,1
BRDA:275,29,2,3
BRDA:292,30,0,12
BRDA:292,30,1,7
BRDA:292,31,0,19
BRDA:292,31,1,16
BRDA:292,31,2,16
BRDA:292,31,3,16
BRDA:292,31,4,7
BRDA:300,32,0,2
BRDA:300,32,1,5
BRDA:300,33,0,7
BRDA:300,33,1,6
BRDA:317,34,0,9
BRDA:317,34,1,5
BRDA:317,35,0,14
BRDA:317,35,1,12
BRDA:317,35,2,12
BRDA:317,35,3,7
BRDA:317,35,4,7
BRDA:317,35,5,7
BRDA:317,35,6,6
BRF:85
BRH:83
end_of_record
TN:
SF:src\funkkarit\fields.js
FN:5,getFields
FN:12,(anonymous_1)
FNF:2
FNH:2
FNDA:2,getFields
FNDA:5,(anonymous_1)
DA:8,2
DA:9,2
DA:12,5
DA:14,1
DA:15,0
DA:16,0
DA:18,1
LF:7
LH:5
BRDA:5,0,0,2
BRDA:9,1,0,1
BRDA:9,1,1,1
BRDA:14,2,0,0
BRDA:14,2,1,1
BRF:5
BRH:4
end_of_record
TN:
SF:src\funkkarit\jsonToBibtexApu.js
FN:38,jsonToBibtexMuodostaja
FN:111,isValidType
FN:119,isValidField
FN:127,isValidCitekey
FNF:4
FNH:4
FNDA:9,jsonToBibtexMuodostaja
FNDA:5,isValidType
FNDA:4,isValidField
FNDA:7,isValidCitekey
DA:40,9
DA:41,9
DA:42,9
DA:44,9
DA:45,2
DA:46,2
DA:50,7
DA:51,6
DA:54,7
DA:55,6
DA:58,7
DA:59,2
DA:60,2
DA:63,5
DA:64,2
DA:65,2
DA:69,3
DA:71,10
DA:73,10
DA:76,3
DA:79,3
DA:83,0
DA:86,4
DA:87,3
DA:97,3
DA:98,1
DA:99,1
DA:102,2
DA:113,5
DA:114,5
DA:121,4
DA:122,4
DA:128,7
LF:33
LH:32
BRDA:44,0,0,2
BRDA:44,0,1,7
BRDA:44,1,0,9
BRDA:44,1,1,8
BRDA:44,1,2,7
BRDA:50,2,0,6
BRDA:50,2,1,1
BRDA:54,3,0,6
BRDA:54,3,1,1
BRDA:58,4,0,2
BRDA:58,4,1,5
BRDA:63,5,0,2
BRDA:63,5,1,3
BRDA:73,6,0,3
BRDA:73,6,1,3
BRDA:73,6,2,0
BRDA:73,6,3,4
BRDA:86,7,0,3
BRDA:86,7,1,1
BRDA:97,8,0,1
BRDA:97,8,1,2
BRDA:122,9,0,4
BRDA:122,9,1,3
BRDA:128,10,0,7
BRDA:128,10,1,5
BRF:25
BRH:24
end_of_record
TN:
SF:src\funkkarit\muokkaus.js
FN:3,muokkaaViite
FN:64,(anonymous_1)
FN:66,(anonymous_2)
FN:68,(anonymous_3)
FN:80,viePalvelimelle
FN:96,haeInputeista
FNF:6
FNH:1
FNDA:3,muokkaaViite
FNDA:0,(anonymous_1)
FNDA:0,(anonymous_2)
FNDA:0,(anonymous_3)
FNDA:0,viePalvelimelle
FNDA:0,haeInputeista
DA:7,3
DA:8,0
DA:10,3
DA:14,3
DA:15,1
DA:16,1
DA:17,1
DA:18,1
DA:19,1
DA:20,1
DA:21,1
DA:22,1
DA:24,1
DA:25,0
DA:27,1
DA:28,1
DA:34,1
DA:35,0
DA:36,0
DA:37,0
DA:39,1
DA:40,1
DA:41,1
DA:42,1
DA:43,1
DA:44,0
DA:47,1
DA:53,2
DA:54,0
DA:57,2
DA:58,2
DA:63,2
DA:64,1
DA:66,2
DA:67,2
DA:68,0
DA:73,3
DA:74,0
DA:77,3
DA:81,0
DA:82,0
DA:90,0
DA:91,0
DA:93,0
DA:98,0
DA:102,0
DA:104,0
DA:105,0
DA:109,0
DA:110,0
DA:112,0
DA:113,0
LF:52
LH:30
BRDA:3,0,0,0
BRDA:3,1,0,0
BRDA:7,2,0,0
BRDA:7,2,1,3
BRDA:14,3,0,1
BRDA:14,3,1,2
BRDA:14,4,0,3
BRDA:14,4,1,3
BRDA:20,5,0,1
BRDA:20,5,1,0
BRDA:24,6,0,0
BRDA:24,6,1,1
BRDA:34,7,0,0
BRDA:34,7,1,1
BRDA:34,8,0,1
BRDA:34,8,1,0
BRDA:40,9,0,1
BRDA:40,9,1,0
BRDA:43,10,0,0
BRDA:43,10,1,1
BRDA:53,11,0,0
BRDA:53,11,1,2
BRDA:53,12,0,2
BRDA:53,12,1,0
BRDA:63,13,0,1
BRDA:63,13,1,1
BRDA:67,14,0,0
BRDA:67,14,1,2
BRDA:73,15,0,0
BRDA:73,15,1,3
BRDA:90,16,0,0
BRDA:90,16,1,0
BRF:32
BRH:17
end_of_record
TN:
SF:src\funkkarit\poisto.js
FN:1,poistaViite
FN:3,(anonymous_1)
FN:16,viePalvelimelle
FNF:3
FNH:2
FNDA:3,poistaViite
FNDA:6,(anonymous_1)
FNDA:0,viePalvelimelle
DA:2,3
DA:3,6
DA:4,3
DA:6,3
DA:7,0
DA:10,3
DA:11,0
DA:13,3
DA:17,0
DA:18,0
DA:26,0
DA:27,0
DA:29,0
LF:13
LH:6
BRDA:1,0,0,0
BRDA:6,1,0,0
BRDA:6,1,1,3
BRDA:10,2,0,0
BRDA:10,2,1,3
BRDA:26,3,0,0
BRDA:26,3,1,0
BRF:7
BRH:2
end_of_record
